2024-06-13 00:30:40 INFO  BasicChange:82 - Order не исполнен: 27813641635
2024-06-13 00:34:55 INFO  BasicChange:82 - Order не исполнен: 27813737661
2024-06-13 00:35:00 INFO  BasicChange:82 - Order не исполнен: 27813737661
2024-06-13 00:35:06 INFO  BasicChange:82 - Order не исполнен: 27813737661
2024-06-13 00:35:11 INFO  BasicChange:82 - Order не исполнен: 27813737661
2024-06-13 00:35:17 INFO  BasicChange:82 - Order не исполнен: 27813737661
2024-06-13 00:35:22 INFO  BasicChange:82 - Order не исполнен: 27813737661
2024-06-13 00:35:28 INFO  BasicChange:82 - Order не исполнен: 27813737661
2024-06-13 00:35:33 INFO  BasicChange:82 - Order не исполнен: 27813737661
2024-06-13 00:35:39 INFO  BasicChange:82 - Order не исполнен: 27813737661
2024-06-13 00:35:44 INFO  BasicChange:82 - Order не исполнен: 27813737661
2024-06-13 00:35:50 INFO  BasicChange:82 - Order не исполнен: 27813737661
2024-06-13 00:35:55 INFO  BasicChange:82 - Order не исполнен: 27813737661
2024-06-13 00:36:01 INFO  BasicChange:82 - Order не исполнен: 27813737661
2024-06-13 00:36:06 INFO  BasicChange:82 - Order не исполнен: 27813737661
2024-06-13 00:36:12 INFO  BasicChange:82 - Order не исполнен: 27813737661
2024-06-13 00:36:18 INFO  BasicChange:82 - Order не исполнен: 27813737661
2024-06-13 00:36:23 INFO  BasicChange:82 - Order не исполнен: 27813737661
2024-06-13 00:36:29 INFO  BasicChange:82 - Order не исполнен: 27813737661
2024-06-13 00:36:34 INFO  BasicChange:82 - Order не исполнен: 27813737661
2024-06-13 00:36:40 INFO  BasicChange:82 - Order не исполнен: 27813737661
2024-06-13 00:36:45 INFO  BasicChange:82 - Order не исполнен: 27813737661
2024-06-13 00:36:51 INFO  BasicChange:82 - Order не исполнен: 27813737661
2024-06-13 00:36:56 INFO  BasicChange:82 - Order не исполнен: 27813737661
2024-06-13 00:37:02 INFO  BasicChange:82 - Order не исполнен: 27813737661
2024-06-13 00:37:07 INFO  BasicChange:82 - Order не исполнен: 27813737661
2024-06-13 00:41:17 INFO  BasicChange:82 - Order не исполнен: 27813868742
2024-06-13 00:41:23 INFO  BasicChange:82 - Order не исполнен: 27813868742
2024-06-13 00:41:29 INFO  BasicChange:82 - Order не исполнен: 27813868742
2024-06-13 00:41:34 INFO  BasicChange:82 - Order не исполнен: 27813868742
2024-06-13 00:41:40 INFO  BasicChange:82 - Order не исполнен: 27813868742
2024-06-13 00:41:45 INFO  BasicChange:82 - Order не исполнен: 27813868742
2024-06-13 00:41:51 INFO  BasicChange:82 - Order не исполнен: 27813868742
2024-06-13 00:41:56 INFO  BasicChange:82 - Order не исполнен: 27813868742
2024-06-13 00:42:02 INFO  BasicChange:82 - Order не исполнен: 27813868742
2024-06-13 00:42:07 INFO  BasicChange:82 - Order не исполнен: 27813868742
2024-06-13 00:42:13 INFO  BasicChange:82 - Order не исполнен: 27813868742
2024-06-13 00:42:19 INFO  BasicChange:82 - Order не исполнен: 27813868742
2024-06-13 00:42:24 INFO  BasicChange:82 - Order не исполнен: 27813868742
2024-06-13 00:42:36 INFO  BasicChange:82 - Order не исполнен: 27813890464
2024-06-13 00:42:46 INFO  BasicChange:82 - Order не исполнен: 27813890464
2024-06-13 00:42:52 INFO  BasicChange:82 - Order не исполнен: 27813890464
2024-06-13 00:42:57 INFO  BasicChange:82 - Order не исполнен: 27813890464
2024-06-13 00:43:03 INFO  BasicChange:82 - Order не исполнен: 27813890464
2024-06-13 00:43:08 INFO  BasicChange:82 - Order не исполнен: 27813890464
2024-06-13 00:43:14 INFO  BasicChange:82 - Order не исполнен: 27813890464
2024-06-13 00:43:19 INFO  BasicChange:82 - Order не исполнен: 27813890464
2024-06-13 00:43:25 INFO  BasicChange:82 - Order не исполнен: 27813890464
2024-06-13 00:43:30 INFO  BasicChange:82 - Order не исполнен: 27813890464
2024-06-13 00:43:36 INFO  BasicChange:82 - Order не исполнен: 27813890464
2024-06-13 00:43:42 INFO  BasicChange:82 - Order не исполнен: 27813890464
2024-06-13 00:43:47 INFO  BasicChange:82 - Order не исполнен: 27813890464
2024-06-13 00:43:53 INFO  BasicChange:82 - Order не исполнен: 27813890464
2024-06-13 00:43:58 INFO  BasicChange:82 - Order не исполнен: 27813890464
2024-06-13 00:44:04 INFO  BasicChange:82 - Order не исполнен: 27813890464
2024-06-13 00:44:09 INFO  BasicChange:82 - Order не исполнен: 27813890464
2024-06-13 00:44:15 INFO  BasicChange:82 - Order не исполнен: 27813890464
2024-06-13 00:44:20 INFO  BasicChange:82 - Order не исполнен: 27813890464
2024-06-13 00:44:26 INFO  BasicChange:82 - Order не исполнен: 27813890464
2024-06-13 00:44:31 INFO  BasicChange:82 - Order не исполнен: 27813890464
2024-06-13 00:44:37 INFO  BasicChange:82 - Order не исполнен: 27813890464
2024-06-13 00:44:42 INFO  BasicChange:82 - Order не исполнен: 27813890464
2024-06-13 00:44:48 INFO  BasicChange:82 - Order не исполнен: 27813890464
2024-06-13 00:44:53 INFO  BasicChange:82 - Order не исполнен: 27813890464
2024-06-13 00:44:59 INFO  BasicChange:82 - Order не исполнен: 27813890464
2024-06-13 00:45:04 INFO  BasicChange:82 - Order не исполнен: 27813890464
2024-06-13 00:45:09 INFO  BasicChange:82 - Order не исполнен: 27813890464
2024-06-13 00:45:15 INFO  BasicChange:82 - Order не исполнен: 27813890464
2024-06-13 00:45:20 INFO  BasicChange:82 - Order не исполнен: 27813890464
2024-06-13 00:45:26 INFO  BasicChange:82 - Order не исполнен: 27813890464
2024-06-13 00:45:31 INFO  BasicChange:82 - Order не исполнен: 27813890464
2024-06-13 00:45:37 INFO  BasicChange:82 - Order не исполнен: 27813890464
2024-06-13 00:45:42 INFO  BasicChange:82 - Order не исполнен: 27813890464
2024-06-13 00:45:48 INFO  BasicChange:82 - Order не исполнен: 27813890464
2024-06-13 00:45:53 INFO  BasicChange:82 - Order не исполнен: 27813890464
2024-06-13 00:45:59 INFO  BasicChange:82 - Order не исполнен: 27813890464
2024-06-13 00:46:04 INFO  BasicChange:82 - Order не исполнен: 27813890464
2024-06-13 00:46:10 INFO  BasicChange:82 - Order не исполнен: 27813890464
2024-06-13 00:46:15 INFO  BasicChange:82 - Order не исполнен: 27813890464
2024-06-13 00:46:21 INFO  BasicChange:82 - Order не исполнен: 27813890464
2024-06-13 22:09:09 INFO  ProfitCalculator:53 - Наибольшее originalAmount: 5.93804000
2024-06-13 22:09:09 INFO  ProfitCalculator:54 - Цена: 67440.00000000
2024-06-13 22:09:09 INFO  ProfitCalculator:64 - Цена ордера: 67440.00000000
2024-06-13 22:09:14 ERROR StrategyImpl:106 - Account has insufficient balance for requested action. (HTTP status code: 400)
2024-06-13 22:09:14 INFO  ProfitCalculator:53 - Наибольшее originalAmount: 1.93073000
2024-06-13 22:09:14 INFO  ProfitCalculator:54 - Цена: 67409.40000000
2024-06-13 22:09:14 INFO  ProfitCalculator:64 - Цена ордера: 67409.41000000
2024-06-13 22:09:14 ERROR StrategyImpl:106 - Account has insufficient balance for requested action. (HTTP status code: 400)
2024-06-13 22:09:15 INFO  ProfitCalculator:53 - Наибольшее originalAmount: 4.73268000
2024-06-13 22:09:15 INFO  ProfitCalculator:54 - Цена: 67422.18000000
2024-06-13 22:09:15 INFO  ProfitCalculator:64 - Цена ордера: 67422.18000000
2024-06-13 22:09:15 ERROR StrategyImpl:106 - Account has insufficient balance for requested action. (HTTP status code: 400)
2024-06-13 22:09:16 INFO  ProfitCalculator:53 - Наибольшее originalAmount: 5.26120000
2024-06-13 22:09:16 INFO  ProfitCalculator:54 - Цена: 67422.18000000
2024-06-13 22:09:16 INFO  ProfitCalculator:64 - Цена ордера: 67422.18000000
2024-06-13 22:09:16 ERROR StrategyImpl:106 - Account has insufficient balance for requested action. (HTTP status code: 400)
2024-06-13 22:09:17 INFO  ProfitCalculator:53 - Наибольшее originalAmount: 3.73862000
2024-06-13 22:09:17 INFO  ProfitCalculator:54 - Цена: 67397.87000000
2024-06-13 22:09:17 INFO  ProfitCalculator:64 - Цена ордера: 67397.87000000
2024-06-13 22:09:17 ERROR StrategyImpl:106 - Account has insufficient balance for requested action. (HTTP status code: 400)
2024-06-13 22:09:17 INFO  ProfitCalculator:53 - Наибольшее originalAmount: 3.70182000
2024-06-13 22:09:17 INFO  ProfitCalculator:54 - Цена: 67397.87000000
2024-06-13 22:09:17 INFO  ProfitCalculator:64 - Цена ордера: 67397.87000000
2024-06-13 22:09:18 ERROR StrategyImpl:106 - Account has insufficient balance for requested action. (HTTP status code: 400)
2024-06-13 22:09:18 INFO  ProfitCalculator:53 - Наибольшее originalAmount: 6.77624000
2024-06-13 22:09:18 INFO  ProfitCalculator:54 - Цена: 67407.08000000
2024-06-13 22:09:18 INFO  ProfitCalculator:64 - Цена ордера: 67407.08000000
2024-06-13 22:09:18 ERROR StrategyImpl:106 - Account has insufficient balance for requested action. (HTTP status code: 400)
2024-06-13 22:09:19 INFO  ProfitCalculator:53 - Наибольшее originalAmount: 6.48840000
2024-06-13 22:09:19 INFO  ProfitCalculator:54 - Цена: 67407.08000000
2024-06-13 22:09:19 INFO  ProfitCalculator:64 - Цена ордера: 67407.08000000
2024-06-13 22:09:20 ERROR StrategyImpl:106 - Account has insufficient balance for requested action. (HTTP status code: 400)
2024-06-13 22:09:20 INFO  ProfitCalculator:53 - Наибольшее originalAmount: 7.18363000
2024-06-13 22:09:20 INFO  ProfitCalculator:54 - Цена: 67407.08000000
2024-06-13 22:09:20 INFO  ProfitCalculator:64 - Цена ордера: 67407.08000000
2024-06-13 22:09:20 ERROR StrategyImpl:106 - Account has insufficient balance for requested action. (HTTP status code: 400)
2024-06-13 22:09:21 INFO  ProfitCalculator:53 - Наибольшее originalAmount: 7.53891000
2024-06-13 22:09:21 INFO  ProfitCalculator:54 - Цена: 67407.08000000
2024-06-13 22:09:21 INFO  ProfitCalculator:64 - Цена ордера: 67407.08000000
2024-06-13 22:10:44 ERROR StrategyImpl:106 - Account has insufficient balance for requested action. (HTTP status code: 400)
2024-06-13 22:10:44 INFO  ProfitCalculator:53 - Наибольшее originalAmount: 11.60317000
2024-06-13 22:10:44 INFO  ProfitCalculator:54 - Цена: 67499.99000000
2024-06-13 22:10:44 INFO  ProfitCalculator:64 - Цена ордера: 67499.99000000
2024-06-13 22:10:50 ERROR StrategyImpl:106 - Account has insufficient balance for requested action. (HTTP status code: 400)
2024-06-13 22:10:50 INFO  ProfitCalculator:53 - Наибольшее originalAmount: 4.20289000
2024-06-13 22:10:50 INFO  ProfitCalculator:54 - Цена: 67519.99000000
2024-06-13 22:10:50 INFO  ProfitCalculator:64 - Цена ордера: 67519.99000000
2024-06-13 22:13:45 ERROR StrategyImpl:106 - Account has insufficient balance for requested action. (HTTP status code: 400)
2024-06-13 22:14:10 INFO  ProfitCalculator:53 - Наибольшее originalAmount: 9.17887000
2024-06-13 22:14:10 INFO  ProfitCalculator:54 - Цена: 67334.07000000
2024-06-13 22:14:10 INFO  ProfitCalculator:64 - Цена ордера: 67334.07000000
2024-06-13 22:14:13 ERROR StrategyImpl:108 - Account has insufficient balance for requested action. (HTTP status code: 400)
2024-06-13 22:14:14 INFO  ProfitCalculator:53 - Наибольшее originalAmount: 14.28636000
2024-06-13 22:14:14 INFO  ProfitCalculator:54 - Цена: 67337.14000000
2024-06-13 22:14:14 INFO  ProfitCalculator:64 - Цена ордера: 67337.14000000
2024-06-13 22:14:21 ERROR StrategyImpl:108 - Account has insufficient balance for requested action. (HTTP status code: 400)
2024-06-13 22:14:21 INFO  ProfitCalculator:53 - Наибольшее originalAmount: 1.92813000
2024-06-13 22:14:21 INFO  ProfitCalculator:54 - Цена: 67321.97000000
2024-06-13 22:14:21 INFO  ProfitCalculator:64 - Цена ордера: 67321.98000000
